[0.662s] Invoking command in '/home/j2094mvo/ros2_ws/src/mypkg': PYTHONPATH=/home/j2094mvo/ros2_ws/src/mypkg/build/mypkg/prefix_override:/usr/lib/python3/dist-packages/colcon_core/task/python/colcon_distutils_commands:/home/j2094mvo/ros2_ws/src/mypkg/install/mypkg/lib/python3.10/site-packages:${PYTHONPATH} /usr/bin/python3 -W ignore:setup.py install is deprecated -W ignore:easy_install command is deprecated setup.py egg_info --egg-base build/mypkg build --build-base /home/j2094mvo/ros2_ws/src/mypkg/build/mypkg/build install --record /home/j2094mvo/ros2_ws/src/mypkg/build/mypkg/install.log --install-scripts $base/lib/mypkg --single-version-externally-managed install_data
[0.818s] running egg_info
[0.818s] creating build/mypkg/mypkg.egg-info
[0.819s] writing build/mypkg/mypkg.egg-info/PKG-INFO
[0.819s] writing dependency_links to build/mypkg/mypkg.egg-info/dependency_links.txt
[0.819s] writing entry points to build/mypkg/mypkg.egg-info/entry_points.txt
[0.819s] writing requirements to build/mypkg/mypkg.egg-info/requires.txt
[0.820s] writing top-level names to build/mypkg/mypkg.egg-info/top_level.txt
[0.820s] writing manifest file 'build/mypkg/mypkg.egg-info/SOURCES.txt'
[0.821s] reading manifest file 'build/mypkg/mypkg.egg-info/SOURCES.txt'
[0.821s] writing manifest file 'build/mypkg/mypkg.egg-info/SOURCES.txt'
[0.822s] running build
[0.822s] running build_py
[0.822s] creating /home/j2094mvo/ros2_ws/src/mypkg/build/mypkg/build
[0.823s] creating /home/j2094mvo/ros2_ws/src/mypkg/build/mypkg/build/lib
[0.823s] creating /home/j2094mvo/ros2_ws/src/mypkg/build/mypkg/build/lib/mypkg
[0.823s] copying mypkg/__init__.py -> /home/j2094mvo/ros2_ws/src/mypkg/build/mypkg/build/lib/mypkg
[0.823s] copying mypkg/talker.py -> /home/j2094mvo/ros2_ws/src/mypkg/build/mypkg/build/lib/mypkg
[0.836s] copying mypkg/listener.py -> /home/j2094mvo/ros2_ws/src/mypkg/build/mypkg/build/lib/mypkg
[0.837s] running install
[0.837s] running install_lib
[0.838s] creating /home/j2094mvo/ros2_ws/src/mypkg/install/mypkg/lib/python3.10/site-packages/mypkg
[0.838s] copying /home/j2094mvo/ros2_ws/src/mypkg/build/mypkg/build/lib/mypkg/__init__.py -> /home/j2094mvo/ros2_ws/src/mypkg/install/mypkg/lib/python3.10/site-packages/mypkg
[0.839s] copying /home/j2094mvo/ros2_ws/src/mypkg/build/mypkg/build/lib/mypkg/talker.py -> /home/j2094mvo/ros2_ws/src/mypkg/install/mypkg/lib/python3.10/site-packages/mypkg
[0.839s] copying /home/j2094mvo/ros2_ws/src/mypkg/build/mypkg/build/lib/mypkg/listener.py -> /home/j2094mvo/ros2_ws/src/mypkg/install/mypkg/lib/python3.10/site-packages/mypkg
[0.839s] byte-compiling /home/j2094mvo/ros2_ws/src/mypkg/install/mypkg/lib/python3.10/site-packages/mypkg/__init__.py to __init__.cpython-310.pyc
[0.840s] byte-compiling /home/j2094mvo/ros2_ws/src/mypkg/install/mypkg/lib/python3.10/site-packages/mypkg/talker.py to talker.cpython-310.pyc
[0.840s] byte-compiling /home/j2094mvo/ros2_ws/src/mypkg/install/mypkg/lib/python3.10/site-packages/mypkg/listener.py to listener.cpython-310.pyc
[0.840s] running install_data
[0.840s] creating /home/j2094mvo/ros2_ws/src/mypkg/install/mypkg/share/ament_index
[0.841s] creating /home/j2094mvo/ros2_ws/src/mypkg/install/mypkg/share/ament_index/resource_index
[0.841s] creating /home/j2094mvo/ros2_ws/src/mypkg/install/mypkg/share/ament_index/resource_index/packages
[0.841s] copying resource/mypkg -> /home/j2094mvo/ros2_ws/src/mypkg/install/mypkg/share/ament_index/resource_index/packages
[0.841s] copying package.xml -> /home/j2094mvo/ros2_ws/src/mypkg/install/mypkg/share/mypkg
[0.841s] copying launch/talk_listen.launch.py -> /home/j2094mvo/ros2_ws/src/mypkg/install/mypkg/share/mypkg
[0.842s] running install_egg_info
[0.844s] Copying build/mypkg/mypkg.egg-info to /home/j2094mvo/ros2_ws/src/mypkg/install/mypkg/lib/python3.10/site-packages/mypkg-0.0.0-py3.10.egg-info
[0.845s] running install_scripts
[0.860s] Installing listener script to /home/j2094mvo/ros2_ws/src/mypkg/install/mypkg/lib/mypkg
[0.860s] Installing talker script to /home/j2094mvo/ros2_ws/src/mypkg/install/mypkg/lib/mypkg
[0.860s] writing list of installed files to '/home/j2094mvo/ros2_ws/src/mypkg/build/mypkg/install.log'
[0.881s] Invoked command in '/home/j2094mvo/ros2_ws/src/mypkg' returned '0': PYTHONPATH=/home/j2094mvo/ros2_ws/src/mypkg/build/mypkg/prefix_override:/usr/lib/python3/dist-packages/colcon_core/task/python/colcon_distutils_commands:/home/j2094mvo/ros2_ws/src/mypkg/install/mypkg/lib/python3.10/site-packages:${PYTHONPATH} /usr/bin/python3 -W ignore:setup.py install is deprecated -W ignore:easy_install command is deprecated setup.py egg_info --egg-base build/mypkg build --build-base /home/j2094mvo/ros2_ws/src/mypkg/build/mypkg/build install --record /home/j2094mvo/ros2_ws/src/mypkg/build/mypkg/install.log --install-scripts $base/lib/mypkg --single-version-externally-managed install_data
